<?xml version="1.0" encoding="UTF-8"?>
<!-- Generated by org.testng.reporters.JUnitXMLReporter -->
<testsuite hostname="LAPTOP-0PBP6KKJ" ignored="0" name="Default test" tests="1" failures="0" timestamp="2020-02-29T03:09:23 PST" time="16.337" errors="0">
  <testcase name="@BeforeClass Initialize" time="16.268" classname="demo221MavenTestNGGitJenkins.SFDCTest">
    <failure type="org.openqa.selenium.SessionNotCreatedException" message="session not created
from chrome not reachable
  (Session info: chrome=80.0.3987.122)
Build info: version: &amp;apos;3.4.0&amp;apos;, revision: &amp;apos;unknown&amp;apos;, time: &amp;apos;unknown&amp;apos;
System info: host: &amp;apos;LAPTOP-0PBP6KKJ&amp;apos;, ip: &amp;apos;192.168.1.232&amp;apos;, os.name: &amp;apos;Windows 10&amp;apos;, os.arch: &amp;apos;amd64&amp;apos;, os.version: &amp;apos;10.0&amp;apos;, java.version: &amp;apos;1.8.0_241&amp;apos;
Driver info: driver.version: ChromeDriver
remote stacktrace: Backtrace:
	Ordinal0 [0x006E0C83+1707139]
	Ordinal0 [0x006468F1+1075441]
	Ordinal0 [0x005BDE72+515698]
	Ordinal0 [0x005B7CA8+490664]
	Ordinal0 [0x005B839B+492443]
	Ordinal0 [0x005B92F5+496373]
	Ordinal0 [0x005B4F05+478981]
	Ordinal0 [0x005BECA0+519328]
	Ordinal0 [0x0056CA67+182887]
	Ordinal0 [0x0056BDDD+179677]
	Ordinal0 [0x00569D4B+171339]
	Ordinal0 [0x00551D4A+73034]
	Ordinal0 [0x00552DC0+77248]
	Ordinal0 [0x00552D59+77145]
	Ordinal0 [0x0065BB67+1162087]
	GetHandleVerifier [0x0077A966+508998]
	GetHandleVerifier [0x0077A6A4+508292]
	GetHandleVerifier [0x0078F7B7+594583]
	GetHandleVerifier [0x0077B1D6+511158]
	Ordinal0 [0x0065402C+1130540]
	Ordinal0 [0x0065D4CB+1168587]
	Ordinal0 [0x0065D633+1168947]
	Ordinal0 [0x00675B35+1268533]
	BaseThreadInitThunk [0x77336359+25]
	RtlGetAppContainerNamedObjectPath [0x77477B74+228]
	RtlGetAppContainerNamedObjectPath [0x77477B44+180]
">
      <![CDATA[org.openqa.selenium.SessionNotCreatedException: session not created
from chrome not reachable
  (Session info: chrome=80.0.3987.122)
Build info: version: '3.4.0', revision: 'unknown', time: 'unknown'
System info: host: 'LAPTOP-0PBP6KKJ', ip: '192.168.1.232', os.name: 'Windows 10', os.arch: 'amd64', os.version: '10.0', java.version: '1.8.0_241'
Driver info: driver.version: ChromeDriver
remote stacktrace: Backtrace:
Ordinal0 [0x006E0C83+1707139]
Ordinal0 [0x006468F1+1075441]
Ordinal0 [0x005BDE72+515698]
Ordinal0 [0x005B7CA8+490664]
Ordinal0 [0x005B839B+492443]
Ordinal0 [0x005B92F5+496373]
Ordinal0 [0x005B4F05+478981]
Ordinal0 [0x005BECA0+519328]
Ordinal0 [0x0056CA67+182887]
Ordinal0 [0x0056BDDD+179677]
Ordinal0 [0x00569D4B+171339]
Ordinal0 [0x00551D4A+73034]
Ordinal0 [0x00552DC0+77248]
Ordinal0 [0x00552D59+77145]
Ordinal0 [0x0065BB67+1162087]
GetHandleVerifier [0x0077A966+508998]
GetHandleVerifier [0x0077A6A4+508292]
GetHandleVerifier [0x0078F7B7+594583]
GetHandleVerifier [0x0077B1D6+511158]
Ordinal0 [0x0065402C+1130540]
Ordinal0 [0x0065D4CB+1168587]
Ordinal0 [0x0065D633+1168947]
Ordinal0 [0x00675B35+1268533]
BaseThreadInitThunk [0x77336359+25]
RtlGetAppContainerNamedObjectPath [0x77477B74+228]
RtlGetAppContainerNamedObjectPath [0x77477B44+180]

at sun.reflect.NativeConstructorAccessorImpl.newInstance0(Native Method)
at sun.reflect.NativeConstructorAccessorImpl.newInstance(NativeConstructorAccessorImpl.java:62)
at sun.reflect.DelegatingConstructorAccessorImpl.newInstance(DelegatingConstructorAccessorImpl.java:45)
at java.lang.reflect.Constructor.newInstance(Constructor.java:423)
at org.openqa.selenium.remote.W3CHandshakeResponse.lambda$new$0(W3CHandshakeResponse.java:57)
at org.openqa.selenium.remote.W3CHandshakeResponse.lambda$getResponseFunction$2(W3CHandshakeResponse.java:104)
at org.openqa.selenium.remote.ProtocolHandshake.lambda$createSession$22(ProtocolHandshake.java:365)
at java.util.stream.ReferencePipeline$3$1.accept(ReferencePipeline.java:193)
at java.util.Spliterators$ArraySpliterator.tryAdvance(Spliterators.java:958)
at java.util.stream.ReferencePipeline.forEachWithCancel(ReferencePipeline.java:126)
at java.util.stream.AbstractPipeline.copyIntoWithCancel(AbstractPipeline.java:499)
at java.util.stream.AbstractPipeline.copyInto(AbstractPipeline.java:486)
at java.util.stream.AbstractPipeline.wrapAndCopyInto(AbstractPipeline.java:472)
at java.util.stream.FindOps$FindOp.evaluateSequential(FindOps.java:152)
at java.util.stream.AbstractPipeline.evaluate(AbstractPipeline.java:234)
at java.util.stream.ReferencePipeline.findFirst(ReferencePipeline.java:464)
at org.openqa.selenium.remote.ProtocolHandshake.createSession(ProtocolHandshake.java:368)
at org.openqa.selenium.remote.ProtocolHandshake.createSession(ProtocolHandshake.java:159)
at org.openqa.selenium.remote.HttpCommandExecutor.execute(HttpCommandExecutor.java:142)
at org.openqa.selenium.remote.service.DriverCommandExecutor.execute(DriverCommandExecutor.java:82)
at org.openqa.selenium.remote.RemoteWebDriver.execute(RemoteWebDriver.java:637)
at org.openqa.selenium.remote.RemoteWebDriver.startSession(RemoteWebDriver.java:250)
at org.openqa.selenium.remote.RemoteWebDriver.startSession(RemoteWebDriver.java:236)
at org.openqa.selenium.remote.RemoteWebDriver.<init>(RemoteWebDriver.java:137)
at org.openqa.selenium.chrome.ChromeDriver.<init>(ChromeDriver.java:184)
at org.openqa.selenium.chrome.ChromeDriver.<init>(ChromeDriver.java:171)
at org.openqa.selenium.chrome.ChromeDriver.<init>(ChromeDriver.java:124)
at demo221MavenTestNGGitJenkins.ReusableMethods.InitializeDriver(ReusableMethods.java:26)
at demo221MavenTestNGGitJenkins.SFDCTest.Initialize(SFDCTest.java:23)
at sun.reflect.NativeMethodAccessorImpl.invoke0(Native Method)
at sun.reflect.NativeMethodAccessorImpl.invoke(NativeMethodAccessorImpl.java:62)
at sun.reflect.DelegatingMethodAccessorImpl.invoke(DelegatingMethodAccessorImpl.java:43)
at java.lang.reflect.Method.invoke(Method.java:498)
at org.testng.internal.MethodInvocationHelper.invokeMethod(MethodInvocationHelper.java:133)
at org.testng.internal.MethodInvocationHelper.invokeMethodConsideringTimeout(MethodInvocationHelper.java:62)
at org.testng.internal.ConfigInvoker.invokeConfigurationMethod(ConfigInvoker.java:340)
at org.testng.internal.ConfigInvoker.invokeConfigurations(ConfigInvoker.java:294)
at org.testng.internal.TestMethodWorker.invokeBeforeClassMethods(TestMethodWorker.java:176)
at org.testng.internal.TestMethodWorker.run(TestMethodWorker.java:122)
at java.util.ArrayList.forEach(ArrayList.java:1257)
at org.testng.TestRunner.privateRun(TestRunner.java:770)
at org.testng.TestRunner.run(TestRunner.java:591)
at org.testng.SuiteRunner.runTest(SuiteRunner.java:402)
at org.testng.SuiteRunner.runSequentially(SuiteRunner.java:396)
at org.testng.SuiteRunner.privateRun(SuiteRunner.java:355)
at org.testng.SuiteRunner.run(SuiteRunner.java:304)
at org.testng.SuiteRunnerWorker.runSuite(SuiteRunnerWorker.java:53)
at org.testng.SuiteRunnerWorker.run(SuiteRunnerWorker.java:96)
at org.testng.TestNG.runSuitesSequentially(TestNG.java:1180)
at org.testng.TestNG.runSuitesLocally(TestNG.java:1102)
at org.testng.TestNG.runSuites(TestNG.java:1032)
at org.testng.TestNG.run(TestNG.java:1000)
at org.testng.remote.AbstractRemoteTestNG.run(AbstractRemoteTestNG.java:115)
at org.testng.remote.RemoteTestNG.initAndRun(RemoteTestNG.java:251)
at org.testng.remote.RemoteTestNG.main(RemoteTestNG.java:77)
]]>
    </failure>
  </testcase> <!-- @BeforeClass Initialize -->
  <testcase name="@AfterClass CloseTest" time="-1.58297456389E9" classname="demo221MavenTestNGGitJenkins.SFDCTest">
    <skipped/>
  </testcase> <!-- @AfterClass CloseTest -->
  <testcase name="@AfterTest AfterTest" time="-1.582974563895E9" classname="demo221MavenTestNGGitJenkins.SFDCTest">
    <skipped/>
  </testcase> <!-- @AfterTest AfterTest -->
  <testcase name="LoginSFDC" time="0.0" classname="demo221MavenTestNGGitJenkins.SFDCTest">
    <skipped/>
  </testcase> <!-- LoginSFDC -->
</testsuite> <!-- Default test -->
